<?xml version="1.0" encoding="UTF-8"?>
<!-- Generated by org.testng.reporters.JUnitReportReporter -->
<testsuite hostname="DESKTOP-Office" failures="0" tests="2" name="com.git.GitHubLoginTest" time="15.466" errors="0" timestamp="2023-03-28T13:24:20 CDT" skipped="0">
  <testcase classname="com.git.GitHubLoginTest" name="testIncorrectLogin" time="3.928"/>
  <system-out/>
  <testcase classname="com.git.GitHubLoginTest" name="testCorrectLogin" time="11.538"/>
  <system-out/>
</testsuite> <!-- com.git.GitHubLoginTest -->
